<?xml version="1.0" encoding="UTF-8"?>
<!-- Generated by org.testng.reporters.JUnitReportReporter -->
<testsuite hostname="DESKTOP-LATFSKU" failures="0" tests="2" name="RunnerFile.RunnerFile" time="19.204" errors="0" timestamp="2024-05-16T19:26:21 IST" skipped="0">
  <testcase classname="RunnerFile.RunnerFile" name="runScenario" time="9.124"/>
  <system-out/>
  <testcase classname="RunnerFile.RunnerFile" name="runScenario" time="10.080"/>
  <system-out/>
</testsuite> <!-- RunnerFile.RunnerFile -->
